<?xml version="1.0" encoding="UTF-8"?>
<testng-results ignored="0" total="4" passed="4" failed="0" skipped="0">
  <reporter-output>
  </reporter-output>
  <suite started-at="2021-08-13T19:49:00 IST" name="All Test Suite" finished-at="2021-08-13T19:49:00 IST" duration-ms="35">
    <groups>
    </groups>
    <test started-at="2021-08-13T19:49:00 IST" name="/Users/sajeeshpandhaloor/Desktop/MyDesktop/UdemySelenium/Mavenjava" finished-at="2021-08-13T19:49:00 IST" duration-ms="35">
      <class name="com.rahulshettyacademy.SeleniumTest">
        <test-method signature="browserAutomation()[pri:0, instance:com.rahulshettyacademy.SeleniumTest@491666ad]" started-at="2021-08-13T19:49:00 IST" name="browserAutomation" finished-at="2021-08-13T19:49:00 IST" duration-ms="0" status="PASS">
          <reporter-output>
          </reporter-output>
        </test-method> <!-- browserAutomation -->
        <test-method signature="elementsUI()[pri:0, instance:com.rahulshettyacademy.SeleniumTest@491666ad]" started-at="2021-08-13T19:49:00 IST" name="elementsUI" finished-at="2021-08-13T19:49:00 IST" duration-ms="0" status="PASS">
          <reporter-output>
          </reporter-output>
        </test-method> <!-- elementsUI -->
      </class> <!-- com.rahulshettyacademy.SeleniumTest -->
      <class name="com.rahulshettyacademy.AppiumTest">
        <test-method signature="androidApps()[pri:0, instance:com.rahulshettyacademy.AppiumTest@6591f517]" started-at="2021-08-13T19:49:00 IST" name="androidApps" finished-at="2021-08-13T19:49:00 IST" duration-ms="4" status="PASS">
          <reporter-output>
          </reporter-output>
        </test-method> <!-- androidApps -->
        <test-method signature="iOSApps()[pri:0, instance:com.rahulshettyacademy.AppiumTest@6591f517]" started-at="2021-08-13T19:49:00 IST" name="iOSApps" finished-at="2021-08-13T19:49:00 IST" duration-ms="0" status="PASS">
          <reporter-output>
          </reporter-output>
        </test-method> <!-- iOSApps -->
      </class> <!-- com.rahulshettyacademy.AppiumTest -->
    </test> <!-- /Users/sajeeshpandhaloor/Desktop/MyDesktop/UdemySelenium/Mavenjava -->
  </suite> <!-- All Test Suite -->
</testng-results>
