<?xml version="1.0" encoding="UTF-8"?>
<!-- Generated by org.testng.reporters.JUnitXMLReporter -->
<testsuite ignored="0" hostname="Sajeeshs-MacBook-Pro.local" failures="0" tests="4" name="/Users/sajeeshpandhaloor/Desktop/MyDesktop/UdemySelenium/Mavenjava" time="0.035" errors="0" timestamp="2021-08-13T19:49:00 IST">
  <testcase classname="com.rahulshettyacademy.AppiumTest" name="androidApps" time="0.004"/>
  <testcase classname="com.rahulshettyacademy.AppiumTest" name="iOSApps" time="0.0"/>
  <testcase classname="com.rahulshettyacademy.SeleniumTest" name="browserAutomation" time="0.0"/>
  <testcase classname="com.rahulshettyacademy.SeleniumTest" name="elementsUI" time="0.0"/>
</testsuite> <!-- /Users/sajeeshpandhaloor/Desktop/MyDesktop/UdemySelenium/Mavenjava -->
